<?xml version="1.0" encoding="UTF-8"?>
<!-- Generated by org.testng.reporters.JUnitXMLReporter -->
<testsuite hostname="LAPTOP-C4S7KMOT" name="Command line test" tests="5" failures="0" timestamp="8 Aug 2019 14:03:21 GMT" time="0.23" errors="0">
  <testcase name="@BeforeClass setup" time="0.0" classname="ke.co.noel.LoginFormTest">
    <failure type="java.lang.IllegalStateException" message="The driver executable does not exist: C:\Users\HP\IdeaProjects\NoelAutomationParacticeTest\drivers\chromedriver.exe">
      <![CDATA[java.lang.IllegalStateException: The driver executable does not exist: C:\Users\HP\IdeaProjects\NoelAutomationParacticeTest\drivers\chromedriver.exe
	at com.google.common.base.Preconditions.checkState(Preconditions.java:585)
	at org.openqa.selenium.remote.service.DriverService.checkExecutable(DriverService.java:146)
	at org.openqa.selenium.remote.service.DriverService.findExecutable(DriverService.java:141)
	at org.openqa.selenium.chrome.ChromeDriverService.access$000(ChromeDriverService.java:35)
	at org.openqa.selenium.chrome.ChromeDriverService$Builder.findDefaultExecutable(ChromeDriverService.java:159)
	at org.openqa.selenium.remote.service.DriverService$Builder.build(DriverService.java:355)
	at org.openqa.selenium.chrome.ChromeDriverService.createDefaultService(ChromeDriverService.java:94)
	at org.openqa.selenium.chrome.ChromeDriver.<init>(ChromeDriver.java:123)
	at ke.co.noel.LoginFormTest.setup(LoginFormTest.kt:20)
... Removed 33 stack frames]]>
    </failure>
  </testcase> <!-- @BeforeClass setup -->
  <testcase name="@AfterClass tearDown" time="0.0" classname="ke.co.noel.LoginFormTest">
    <skipped/>
  </testcase> <!-- @AfterClass tearDown -->
  <testcase name="verifyLoginFormIsDisplayed" time="0.028" classname="ke.co.noel.LoginFormTest">
    <skipped/>
  </testcase> <!-- verifyLoginFormIsDisplayed -->
  <testcase name="emailFieldValidation" time="0.001" classname="ke.co.noel.LoginFormTest">
    <skipped/>
  </testcase> <!-- emailFieldValidation -->
  <testcase name="loginWithInvalidCredentials" time="0.0" classname="ke.co.noel.LoginFormTest">
    <skipped/>
  </testcase> <!-- loginWithInvalidCredentials -->
  <testcase name="loginWithEmptyCredentials" time="0.0" classname="ke.co.noel.LoginFormTest">
    <skipped/>
  </testcase> <!-- loginWithEmptyCredentials -->
  <testcase name="successfulLogin" time="0.001" classname="ke.co.noel.LoginFormTest">
    <skipped/>
  </testcase> <!-- successfulLogin -->
</testsuite> <!-- Command line test -->
